# JRE version: OpenJDK Runtime Environment (11.0.11+9) (build 11.0.11+9-b60-7590822)
# Java VM: OpenJDK 64-Bit Server VM (11.0.11+9-b60-7590822, mixed mode, tiered, compressed oops, g1 gc, windows-amd64)
Heap:
 garbage-first heap   total 779264K, used 251385K [0x0000000080000000, 0x0000000100000000)
  region size 1024K, 10 young (10240K), 10 survivors (10240K)
 Metaspace       used 156661K, capacity 160751K, committed 161840K, reserved 1189888K
  class space    used 18986K, capacity 20567K, committed 20864K, reserved 1048576K
GC Heap History (20 events):
Event: 12782.763 GC heap after
{Heap after GC invocations=201 (full 0):
 garbage-first heap   total 508928K, used 213519K [0x0000000080000000, 0x0000000100000000)
  region size 1024K, 10 young (10240K), 10 survivors (10240K)
 Metaspace       used 156421K, capacity 160551K, committed 161840K, reserved 1189888K
  class space    used 18962K, capacity 20547K, committed 20864K, reserved 1048576K
}
Event: 12783.505 GC heap before
{Heap before GC invocations=201 (full 0):
 garbage-first heap   total 508928K, used 244239K [0x0000000080000000, 0x0000000100000000)
  region size 1024K, 40 young (40960K), 10 survivors (10240K)
 Metaspace       used 156508K, capacity 160630K, committed 161840K, reserved 1189888K
  class space    used 18969K, capacity 20552K, committed 20864K, reserved 1048576K
}
Event: 12783.558 GC heap after
{Heap after GC invocations=202 (full 0):
 garbage-first heap   total 508928K, used 219820K [0x0000000080000000, 0x0000000100000000)
  region size 1024K, 5 young (5120K), 5 survivors (5120K)
 Metaspace       used 156508K, capacity 160630K, committed 161840K, reserved 1189888K
  class space    used 18969K, capacity 20552K, committed 20864K, reserved 1048576K
}
Event: 12783.935 GC heap before
{Heap before GC invocations=202 (full 0):
 garbage-first heap   total 508928K, used 265900K [0x0000000080000000, 0x0000000100000000)
  region size 1024K, 50 young (51200K), 5 survivors (5120K)
 Metaspace       used 156539K, capacity 160646K, committed 161840K, reserved 1189888K
  class space    used 18974K, capacity 20557K, committed 20864K, reserved 1048576K
}
Event: 12784.039 GC heap after
{Heap after GC invocations=203 (full 0):
 garbage-first heap   total 508928K, used 227895K [0x0000000080000000, 0x0000000100000000)
  region size 1024K, 7 young (7168K), 7 survivors (7168K)
 Metaspace       used 156539K, capacity 160646K, committed 161840K, reserved 1189888K
  class space    used 18974K, capacity 20557K, committed 20864K, reserved 1048576K
}
Event: 12784.743 GC heap before
{Heap before GC invocations=203 (full 0):
 garbage-first heap   total 508928K, used 276023K [0x0000000080000000, 0x0000000100000000)
  region size 1024K, 54 young (55296K), 7 survivors (7168K)
 Metaspace       used 156586K, capacity 160716K, committed 161840K, reserved 1189888K
  class space    used 18979K, capacity 20559K, committed 20864K, reserved 1048576K
}
Event: 12784.821 GC heap after
{Heap after GC invocations=204 (full 0):
 garbage-first heap   total 508928K, used 234983K [0x0000000080000000, 0x0000000100000000)
  region size 1024K, 7 young (7168K), 7 survivors (7168K)
 Metaspace       used 156586K, capacity 160716K, committed 161840K, reserved 1189888K
  class space    used 18979K, capacity 20559K, committed 20864K, reserved 1048576K
}
Event: 12785.710 GC heap before
{Heap before GC invocations=204 (full 0):
 garbage-first heap   total 508928K, used 296423K [0x0000000080000000, 0x0000000100000000)
  region size 1024K, 67 young (68608K), 7 survivors (7168K)
 Metaspace       used 156594K, capacity 160718K, committed 161840K, reserved 1189888K
  class space    used 18979K, capacity 20559K, committed 20864K, reserved 1048576K
}
Event: 12785.811 GC heap after
{Heap after GC invocations=205 (full 0):
 garbage-first heap   total 508928K, used 237418K [0x0000000080000000, 0x0000000100000000)
  region size 1024K, 3 young (3072K), 3 survivors (3072K)
 Metaspace       used 156594K, capacity 160718K, committed 161840K, reserved 1189888K
  class space    used 18979K, capacity 20559K, committed 20864K, reserved 1048576K
}
Event: 12786.978 GC heap before
{Heap before GC invocations=205 (full 0):
 garbage-first heap   total 508928K, used 314218K [0x0000000080000000, 0x0000000100000000)
  region size 1024K, 79 young (80896K), 3 survivors (3072K)
 Metaspace       used 156604K, capacity 160729K, committed 161840K, reserved 1189888K
  class space    used 18981K, capacity 20563K, committed 20864K, reserved 1048576K
}
Event: 12787.008 GC heap after
{Heap after GC invocations=206 (full 0):
 garbage-first heap   total 508928K, used 240412K [0x0000000080000000, 0x0000000100000000)
  region size 1024K, 6 young (6144K), 6 survivors (6144K)
 Metaspace       used 156604K, capacity 160729K, committed 161840K, reserved 1189888K
  class space    used 18981K, capacity 20563K, committed 20864K, reserved 1048576K
}
Event: 12787.599 GC heap before
{Heap before GC invocations=206 (full 0):
 garbage-first heap   total 508928K, used 336668K [0x0000000080000000, 0x0000000100000000)
  region size 1024K, 101 young (103424K), 6 survivors (6144K)
 Metaspace       used 156613K, capacity 160731K, committed 161840K, reserved 1189888K
  class space    used 18981K, capacity 20563K, committed 20864K, reserved 1048576K
}
Event: 12787.640 GC heap after
{Heap after GC invocations=207 (full 0):
 garbage-first heap   total 508928K, used 241622K [0x0000000080000000, 0x0000000100000000)
  region size 1024K, 7 young (7168K), 7 survivors (7168K)
 Metaspace       used 156613K, capacity 160731K, committed 161840K, reserved 1189888K
  class space    used 18981K, capacity 20563K, committed 20864K, reserved 1048576K
}
Event: 12788.016 GC heap before
{Heap before GC invocations=207 (full 0):
 garbage-first heap   total 508928K, used 356310K [0x0000000080000000, 0x0000000100000000)
  region size 1024K, 120 young (122880K), 7 survivors (7168K)
 Metaspace       used 156628K, capacity 160736K, committed 161840K, reserved 1189888K
  class space    used 18982K, capacity 20564K, committed 20864K, reserved 1048576K
}
Event: 12788.070 GC heap after
{Heap after GC invocations=208 (full 0):
 garbage-first heap   total 508928K, used 245718K [0x0000000080000000, 0x0000000100000000)
  region size 1024K, 11 young (11264K), 11 survivors (11264K)
 Metaspace       used 156628K, capacity 160736K, committed 161840K, reserved 1189888K
  class space    used 18982K, capacity 20564K, committed 20864K, reserved 1048576K
}
Event: 12788.912 GC heap before
{Heap before GC invocations=208 (full 0):
 garbage-first heap   total 508928K, used 374742K [0x0000000080000000, 0x0000000100000000)
  region size 1024K, 138 young (141312K), 11 survivors (11264K)
 Metaspace       used 156639K, capacity 160745K, committed 161840K, reserved 1189888K
  class space    used 18984K, capacity 20567K, committed 20864K, reserved 1048576K
}
Event: 12788.999 GC heap after
{Heap after GC invocations=209 (full 0):
 garbage-first heap   total 508928K, used 246781K [0x0000000080000000, 0x0000000100000000)
  region size 1024K, 10 young (10240K), 10 survivors (10240K)
 Metaspace       used 156639K, capacity 160745K, committed 161840K, reserved 1189888K
  class space    used 18984K, capacity 20567K, committed 20864K, reserved 1048576K
}
Event: 12791.913 GC heap before
{Heap before GC invocations=209 (full 0):
 garbage-first heap   total 508928K, used 381949K [0x0000000080000000, 0x0000000100000000)
  region size 1024K, 143 young (146432K), 10 survivors (10240K)
 Metaspace       used 156648K, capacity 160742K, committed 161840K, reserved 1189888K
  class space    used 18983K, capacity 20564K, committed 20864K, reserved 1048576K
}
Event: 12792.130 GC heap after
{Heap after GC invocations=210 (full 0):
 garbage-first heap   total 508928K, used 248275K [0x0000000080000000, 0x0000000100000000)
  region size 1024K, 8 young (8192K), 8 survivors (8192K)
 Metaspace       used 156648K, capacity 160742K, committed 161840K, reserved 1189888K
  class space    used 18983K, capacity 20564K, committed 20864K, reserved 1048576K
}
Event: 12793.770 GC heap before
{Heap before GC invocations=211 (full 0):
 garbage-first heap   total 508928K, used 350675K [0x0000000080000000, 0x0000000100000000)
  region size 1024K, 108 young (110592K), 8 survivors (8192K)
 Metaspace       used 156661K, capacity 160751K, committed 161840K, reserved 1189888K
  class space    used 18986K, capacity 20567K, committed 20864K, reserved 1048576K
}

